<?xml version="1.0" encoding="UTF-8"?>
<!-- Generated by org.testng.reporters.JUnitXMLReporter -->
<testsuite ignored="0" hostname="DESKTOP-IM6IJUR" failures="0" tests="4" name="BankingApp Test" time="112.184" errors="0" timestamp="2020-11-25T20:24:58 IST">
  <testcase classname="com.inetbanking.Testcases.TC_Login_001" name="loginTest" time="5.395"/>
  <testcase classname="com.inetbanking.Testcases.TC_LoginDDT_002" name="loginDDT" time="13.871"/>
  <testcase classname="com.inetbanking.Testcases.TC_LoginDDT_002" name="loginDDT" time="19.969"/>
  <testcase classname="com.inetbanking.Testcases.TC_AddNewCustomer_003" name="addNewCustomer" time="25.905"/>
</testsuite> <!-- BankingApp Test -->
