<?xml version="1.0" encoding="UTF-8"?>
<testsuite name="TestSuite" time="653.938" tests="4" errors="0" skipped="2" failures="1">
  <properties>
[...]
</properties>
  <testcase name="setup" classname="com.inetbanking.Testcases.TC_Login_001" time="621.63">
    <failure message="session not created&#10;from timeout: Timed out receiving message from renderer: 600.000&#10;  (Session info: chrome=87.0.4280.66)&#10;Build info: version: &apos;3.141.59&apos;, revision: &apos;e82be7d358&apos;, time: &apos;2018-11-14T08:17:03&apos;&#10;System info: host: &apos;DESKTOP-IM6IJUR&apos;, ip: &apos;192.168.1.103&apos;, os.name: &apos;Windows 10&apos;, os.arch: &apos;amd64&apos;, os.version: &apos;10.0&apos;, java.version: &apos;11.0.9&apos;&#10;Driver info: driver.version: ChromeDriver&#10;remote stacktrace: Backtrace:&#10;	Ordinal0 [0x012FECE3+3337443]&#10;	Ordinal0 [0x011DF041+2158657]&#10;	Ordinal0 [0x01066FA8+618408]&#10;	Ordinal0 [0x0105AE8F+568975]&#10;	Ordinal0 [0x0105A131+565553]&#10;	Ordinal0 [0x0105A525+566565]&#10;	Ordinal0 [0x01059E45+564805]&#10;	Ordinal0 [0x010635C1+603585]&#10;	Ordinal0 [0x01059E01+564737]&#10;	Ordinal0 [0x0105ABB2+568242]&#10;	Ordinal0 [0x0105A131+565553]&#10;	Ordinal0 [0x0105A525+566565]&#10;	Ordinal0 [0x01059E45+564805]&#10;	Ordinal0 [0x01061A3C+596540]&#10;	Ordinal0 [0x01059E01+564737]&#10;	Ordinal0 [0x0105ABB2+568242]&#10;	Ordinal0 [0x0105A131+565553]&#10;	Ordinal0 [0x0105A525+566565]&#10;	Ordinal0 [0x01059E45+564805]&#10;	Ordinal0 [0x0105FB72+588658]&#10;	Ordinal0 [0x01059E01+564737]&#10;	Ordinal0 [0x0105ABB2+568242]&#10;	Ordinal0 [0x0105A131+565553]&#10;	Ordinal0 [0x0105A525+566565]&#10;	Ordinal0 [0x01059E45+564805]&#10;	Ordinal0 [0x0105ED85+585093]&#10;	Ordinal0 [0x01059E01+564737]&#10;	Ordinal0 [0x0105ABB2+568242]&#10;	Ordinal0 [0x0105A131+565553]&#10;	Ordinal0 [0x0105A525+566565]&#10;	Ordinal0 [0x01059E45+564805]&#10;	Ordinal0 [0x01056486+550022]&#10;	Ordinal0 [0x01059E01+564737]&#10;	Ordinal0 [0x01059C23+564259]&#10;	Ordinal0 [0x01059A17+563735]&#10;	Ordinal0 [0x01067FD0+622544]&#10;	Ordinal0 [0x01006B2D+224045]&#10;	Ordinal0 [0x01005BFC+220156]&#10;	Ordinal0 [0x0100181B+202779]&#10;	Ordinal0 [0x00FE3D74+81268]&#10;	Ordinal0 [0x00FE4D6E+85358]&#10;	Ordinal0 [0x00FE4CF9+85241]&#10;	Ordinal0 [0x011F6F2C+2256684]&#10;	GetHandleVerifier [0x01482FAC+1478332]&#10;	GetHandleVerifier [0x01482AFD+1477133]&#10;	GetHandleVerifier [0x0148AAD8+1509864]&#10;	GetHandleVerifier [0x0148369E+1480110]&#10;	Ordinal0 [0x011ED6BD+2217661]&#10;	Ordinal0 [0x011F89AB+2263467]&#10;	Ordinal0 [0x011F8AEF+2263791]&#10;	Ordinal0 [0x0120D363+2347875]&#10;	BaseThreadInitThunk [0x77B26359+25]&#10;	RtlGetAppContainerNamedObjectPath [0x77CC8944+228]&#10;	RtlGetAppContainerNamedObjectPath [0x77CC8914+180]&#10;" type="org.openqa.selenium.SessionNotCreatedException"><![CDATA[org.openqa.selenium.SessionNotCreatedException: session not created
from timeout: Timed out receiving message from renderer: 600.000
  (Session info: chrome=87.0.4280.66)
Build info: version: '3.141.59', revision: 'e82be7d358', time: '2018-11-14T08:17:03'
System info: host: 'DESKTOP-IM6IJUR', ip: '192.168.1.103', os.name: 'Windows 10', os.arch: 'amd64', os.version: '10.0', java.version: '11.0.9'
Driver info: driver.version: ChromeDriver
remote stacktrace: Backtrace:
	Ordinal0 [0x012FECE3+3337443]
	Ordinal0 [0x011DF041+2158657]
	Ordinal0 [0x01066FA8+618408]
	Ordinal0 [0x0105AE8F+568975]
	Ordinal0 [0x0105A131+565553]
	Ordinal0 [0x0105A525+566565]
	Ordinal0 [0x01059E45+564805]
	Ordinal0 [0x010635C1+603585]
	Ordinal0 [0x01059E01+564737]
	Ordinal0 [0x0105ABB2+568242]
	Ordinal0 [0x0105A131+565553]
	Ordinal0 [0x0105A525+566565]
	Ordinal0 [0x01059E45+564805]
	Ordinal0 [0x01061A3C+596540]
	Ordinal0 [0x01059E01+564737]
	Ordinal0 [0x0105ABB2+568242]
	Ordinal0 [0x0105A131+565553]
	Ordinal0 [0x0105A525+566565]
	Ordinal0 [0x01059E45+564805]
	Ordinal0 [0x0105FB72+588658]
	Ordinal0 [0x01059E01+564737]
	Ordinal0 [0x0105ABB2+568242]
	Ordinal0 [0x0105A131+565553]
	Ordinal0 [0x0105A525+566565]
	Ordinal0 [0x01059E45+564805]
	Ordinal0 [0x0105ED85+585093]
	Ordinal0 [0x01059E01+564737]
	Ordinal0 [0x0105ABB2+568242]
	Ordinal0 [0x0105A131+565553]
	Ordinal0 [0x0105A525+566565]
	Ordinal0 [0x01059E45+564805]
	Ordinal0 [0x01056486+550022]
	Ordinal0 [0x01059E01+564737]
	Ordinal0 [0x01059C23+564259]
	Ordinal0 [0x01059A17+563735]
	Ordinal0 [0x01067FD0+622544]
	Ordinal0 [0x01006B2D+224045]
	Ordinal0 [0x01005BFC+220156]
	Ordinal0 [0x0100181B+202779]
	Ordinal0 [0x00FE3D74+81268]
	Ordinal0 [0x00FE4D6E+85358]
	Ordinal0 [0x00FE4CF9+85241]
	Ordinal0 [0x011F6F2C+2256684]
	GetHandleVerifier [0x01482FAC+1478332]
	GetHandleVerifier [0x01482AFD+1477133]
	GetHandleVerifier [0x0148AAD8+1509864]
	GetHandleVerifier [0x0148369E+1480110]
	Ordinal0 [0x011ED6BD+2217661]
	Ordinal0 [0x011F89AB+2263467]
	Ordinal0 [0x011F8AEF+2263791]
	Ordinal0 [0x0120D363+2347875]
	BaseThreadInitThunk [0x77B26359+25]
	RtlGetAppContainerNamedObjectPath [0x77CC8944+228]
	RtlGetAppContainerNamedObjectPath [0x77CC8914+180]

	at java.base/jdk.internal.reflect.NativeConstructorAccessorImpl.newInstance0(Native Method)
	at java.base/jdk.internal.reflect.NativeConstructorAccessorImpl.newInstance(NativeConstructorAccessorImpl.java:62)
	at java.base/jdk.internal.reflect.DelegatingConstructorAccessorImpl.newInstance(DelegatingConstructorAccessorImpl.java:45)
	at java.base/java.lang.reflect.Constructor.newInstance(Constructor.java:490)
	at org.openqa.selenium.remote.W3CHandshakeResponse.lambda$errorHandler$0(W3CHandshakeResponse.java:62)
	at org.openqa.selenium.remote.HandshakeResponse.lambda$getResponseFunction$0(HandshakeResponse.java:30)
	at org.openqa.selenium.remote.ProtocolHandshake.lambda$createSession$0(ProtocolHandshake.java:126)
	at java.base/java.util.stream.ReferencePipeline$3$1.accept(ReferencePipeline.java:195)
	at java.base/java.util.Spliterators$ArraySpliterator.tryAdvance(Spliterators.java:958)
	at java.base/java.util.stream.ReferencePipeline.forEachWithCancel(ReferencePipeline.java:127)
	at java.base/java.util.stream.AbstractPipeline.copyIntoWithCancel(AbstractPipeline.java:502)
	at java.base/java.util.stream.AbstractPipeline.copyInto(AbstractPipeline.java:488)
	at java.base/java.util.stream.AbstractPipeline.wrapAndCopyInto(AbstractPipeline.java:474)
	at java.base/java.util.stream.FindOps$FindOp.evaluateSequential(FindOps.java:150)
	at java.base/java.util.stream.AbstractPipeline.evaluate(AbstractPipeline.java:234)
	at java.base/java.util.stream.ReferencePipeline.findFirst(ReferencePipeline.java:543)
	at org.openqa.selenium.remote.ProtocolHandshake.createSession(ProtocolHandshake.java:128)
	at org.openqa.selenium.remote.ProtocolHandshake.createSession(ProtocolHandshake.java:74)
	at org.openqa.selenium.remote.HttpCommandExecutor.execute(HttpCommandExecutor.java:136)
	at org.openqa.selenium.remote.service.DriverCommandExecutor.execute(DriverCommandExecutor.java:83)
	at org.openqa.selenium.remote.RemoteWebDriver.execute(RemoteWebDriver.java:552)
	at org.openqa.selenium.remote.RemoteWebDriver.startSession(RemoteWebDriver.java:213)
	at org.openqa.selenium.remote.RemoteWebDriver.<init>(RemoteWebDriver.java:131)
	at org.openqa.selenium.chrome.ChromeDriver.<init>(ChromeDriver.java:181)
	at org.openqa.selenium.chrome.ChromeDriver.<init>(ChromeDriver.java:168)
	at org.openqa.selenium.chrome.ChromeDriver.<init>(ChromeDriver.java:123)
	at com.inetbanking.Testcases.BaseClass.setup(BaseClass.java:40)
	at java.base/jdk.internal.reflect.NativeMethodAccessorImpl.invoke0(Native Method)
	at java.base/jdk.internal.reflect.NativeMethodAccessorImpl.invoke(NativeMethodAccessorImpl.java:62)
	at java.base/jdk.internal.reflect.DelegatingMethodAccessorImpl.invoke(DelegatingMethodAccessorImpl.java:43)
	at java.base/java.lang.reflect.Method.invoke(Method.java:566)
	at org.testng.internal.MethodInvocationHelper.invokeMethod(MethodInvocationHelper.java:132)
	at org.testng.internal.MethodInvocationHelper.invokeMethodConsideringTimeout(MethodInvocationHelper.java:61)
	at org.testng.internal.ConfigInvoker.invokeConfigurationMethod(ConfigInvoker.java:366)
	at org.testng.internal.ConfigInvoker.invokeConfigurations(ConfigInvoker.java:320)
	at org.testng.internal.TestMethodWorker.invokeBeforeClassMethods(TestMethodWorker.java:176)
	at org.testng.internal.TestMethodWorker.run(TestMethodWorker.java:122)
	at java.base/java.util.ArrayList.forEach(ArrayList.java:1541)
	at org.testng.TestRunner.privateRun(TestRunner.java:764)
	at org.testng.TestRunner.run(TestRunner.java:585)
	at org.testng.SuiteRunner.runTest(SuiteRunner.java:384)
	at org.testng.SuiteRunner.runSequentially(SuiteRunner.java:378)
	at org.testng.SuiteRunner.privateRun(SuiteRunner.java:337)
	at org.testng.SuiteRunner.run(SuiteRunner.java:286)
	at org.testng.SuiteRunnerWorker.runSuite(SuiteRunnerWorker.java:53)
	at org.testng.SuiteRunnerWorker.run(SuiteRunnerWorker.java:96)
	at org.testng.TestNG.runSuitesSequentially(TestNG.java:1218)
	at org.testng.TestNG.runSuitesLocally(TestNG.java:1140)
	at org.testng.TestNG.runSuites(TestNG.java:1069)
	at org.testng.TestNG.run(TestNG.java:1037)
	at org.apache.maven.surefire.testng.TestNGExecutor.run(TestNGExecutor.java:295)
	at org.apache.maven.surefire.testng.TestNGXmlTestSuite.execute(TestNGXmlTestSuite.java:84)
	at org.apache.maven.surefire.testng.TestNGProvider.invoke(TestNGProvider.java:90)
	at org.apache.maven.surefire.booter.ForkedBooter.invokeProviderInSameClassLoader(ForkedBooter.java:203)
	at org.apache.maven.surefire.booter.ForkedBooter.runSuitesInProcess(ForkedBooter.java:155)
	at org.apache.maven.surefire.booter.ForkedBooter.main(ForkedBooter.java:103)
]]></failure>
    <system-err><![CDATA[Starting ChromeDriver 87.0.4280.20 (c99e81631faa0b2a448e658c0dbd8311fb04ddbd-refs/branch-heads/4280@{#355}) on port 10574
Only local connections are allowed.
Please see https://chromedriver.chromium.org/security-considerations for suggestions on keeping ChromeDriver safe.
ChromeDriver was started successfully.
[1606470368.294][SEVERE]: Timed out receiving message from renderer: 600.000
]]></system-err>
  </testcase>
  <testcase name="loginTest" classname="com.inetbanking.Testcases.TC_Login_001" time="0">
    <skipped/>
  </testcase>
  <testcase name="TearDown" classname="com.inetbanking.Testcases.TC_Login_001" time="0">
    <skipped/>
  </testcase>
  <testcase name="addNewCustomer" classname="com.inetbanking.Testcases.TC_AddNewCustomer_003" time="32.308"/>
</testsuite>